[2020-10-11 14:47:10,410] INFO     0[main] - br.com.hexacta.desafio.contabilone.client.socket.ClientIMDB.connect(ClientIMDB.java:41) - Buscando "bela" aguarde...
[2020-10-11 14:51:33,983] INFO     0[main] - br.com.hexacta.desafio.contabilone.client.socket.ClientIMDB.connect(ClientIMDB.java:41) - Buscando "bela" aguarde...
[2020-10-11 14:53:58,593] INFO     0[main] - br.com.hexacta.desafio.contabilone.client.socket.ClientIMDB.connect(ClientIMDB.java:41) - Buscando "bela" aguarde...
[2020-10-11 14:57:51,048] INFO     0[main] - br.com.hexacta.desafio.contabilone.client.socket.ClientIMDB.connect(ClientIMDB.java:41) - Buscando "bela" aguarde...
[2020-10-11 15:08:16,964] INFO625916[main] - br.com.hexacta.desafio.contabilone.client.socket.ClientIMDB.connect(ClientIMDB.java:42) -
[2020-10-11 15:08:56,344] INFO     0[main] - br.com.hexacta.desafio.contabilone.client.socket.ClientIMDB.connect(ClientIMDB.java:45) - Buscando "bela" aguarde...
[2020-10-11 15:12:30,793] INFO214449[main] - br.com.hexacta.desafio.contabilone.client.socket.ClientIMDB.connect(ClientIMDB.java:46) -
[2020-10-11 15:13:09,897] INFO     0[main] - br.com.hexacta.desafio.contabilone.client.socket.ClientIMDB.connect(ClientIMDB.java:43) - Buscando "bela" aguarde...
[2020-10-11 15:16:38,514] INFO208617[main] - br.com.hexacta.desafio.contabilone.client.socket.ClientIMDB.connect(ClientIMDB.java:44) -
[2020-10-11 15:18:15,437] INFO     0[main] - br.com.hexacta.desafio.contabilone.client.socket.ClientIMDB.connect(ClientIMDB.java:44) - Buscando "bela" aguarde...
[2020-10-11 15:18:21,220] INFO  5783[main] - br.com.hexacta.desafio.contabilone.client.socket.ClientIMDB.connect(ClientIMDB.java:45) - Server: Iniciando busca de titulos por -> " bela"
[2020-10-11 15:22:33,254] INFO     0[main] - br.com.hexacta.desafio.contabilone.client.socket.ClientIMDB.connect(ClientIMDB.java:44) - Buscando "bela" aguarde...
[2020-10-11 15:22:48,611] INFO 15357[main] - br.com.hexacta.desafio.contabilone.client.socket.ClientIMDB.connect(ClientIMDB.java:45) - <payload 178>
[2020-10-11 15:27:56,574] INFO323320[main] - br.com.hexacta.desafio.contabilone.client.socket.ClientIMDB.connect(ClientIMDB.java:44) - Buscando "bela" aguarde...
[2020-10-11 15:27:56,574]ERROR323320[main] - br.com.hexacta.desafio.contabilone.client.socket.ClientIMDB.connect(ClientIMDB.java:50) - Stream closed
[2020-10-11 15:35:57,943] INFO     0[main] - br.com.hexacta.desafio.contabilone.client.socket.ClientIMDB.connect(ClientIMDB.java:48) - Buscando "bela" aguarde...
[2020-10-11 15:36:53,978] INFO 56035[main] - br.com.hexacta.desafio.contabilone.client.socket.ClientIMDB.connect(ClientIMDB.java:48) - Buscando "" aguarde...
[2020-10-11 15:46:28,763] INFO630820[main] - br.com.hexacta.desafio.contabilone.client.socket.ClientIMDB.connect(ClientIMDB.java:48) - Buscando "" aguarde...
[2020-10-11 15:46:28,777] INFO630834[main] - br.com.hexacta.desafio.contabilone.client.socket.ClientIMDB.connect(ClientIMDB.java:48) - Buscando "bela" aguarde...
[2020-10-11 15:46:48,008] INFO     0[main] - br.com.hexacta.desafio.contabilone.client.socket.ClientIMDB.connect(ClientIMDB.java:48) - Buscando "bela" aguarde...
[2020-10-11 15:53:44,402] INFO     0[main] - br.com.hexacta.desafio.contabilone.client.socket.ClientIMDB.connect(ClientIMDB.java:48) - Buscando "bela" aguarde...
[2020-10-11 15:57:27,007] INFO     0[main] - br.com.hexacta.desafio.contabilone.client.socket.ClientIMDB.connect(ClientIMDB.java:48) - Buscando "bela" aguarde...
[2020-10-11 16:01:49,829] INFO     0[main] - br.com.hexacta.desafio.contabilone.client.socket.ClientIMDB.connect(ClientIMDB.java:48) - Buscando "bela" aguarde...
[2020-10-11 16:02:38,445] INFO 48616[main] - br.com.hexacta.desafio.contabilone.client.socket.ClientIMDB.connect(ClientIMDB.java:48) - Buscando "" aguarde...
[2020-10-11 16:05:20,550] INFO     0[main] - br.com.hexacta.desafio.contabilone.client.socket.ClientIMDB.connect(ClientIMDB.java:48) - Buscando "bela" aguarde...
[2020-10-11 17:15:13,590] INFO     0[main] - br.com.hexacta.desafio.contabilone.client.socket.ClientIMDB.connect(ClientIMDB.java:48) - Buscando "bela" aguarde...
[2020-10-11 17:27:46,915] INFO     0[main] - br.com.hexacta.desafio.contabilone.client.socket.ClientIMDB.connect(ClientIMDB.java:48) - Buscando "bela" aguarde...
[2020-10-11 17:28:53,692] INFO 66777[main] - br.com.hexacta.desafio.contabilone.client.socket.ClientIMDB.connect(ClientIMDB.java:48) - Buscando "" aguarde...
[2020-10-11 17:28:53,694] INFO 66779[main] - br.com.hexacta.desafio.contabilone.client.socket.ClientIMDB.connect(ClientIMDB.java:48) - Buscando "" aguarde...
[2020-10-11 17:28:53,696] INFO 66781[main] - br.com.hexacta.desafio.contabilone.client.socket.ClientIMDB.connect(ClientIMDB.java:48) - Buscando "" aguarde...
[2020-10-11 17:28:53,697] INFO 66782[main] - br.com.hexacta.desafio.contabilone.client.socket.ClientIMDB.connect(ClientIMDB.java:48) - Buscando "" aguarde...
[2020-10-11 17:28:53,699] INFO 66784[main] - br.com.hexacta.desafio.contabilone.client.socket.ClientIMDB.connect(ClientIMDB.java:48) - Buscando "" aguarde...
[2020-10-11 17:29:13,417] INFO     0[main] - br.com.hexacta.desafio.contabilone.client.socket.ClientIMDB.connect(ClientIMDB.java:48) - Buscando "bela" aguarde...
[2020-10-11 17:44:14,099] INFO     0[main] - br.com.hexacta.desafio.contabilone.client.socket.ClientIMDB.connect(ClientIMDB.java:48) - Buscando "bela" aguarde...
[2020-10-11 19:57:44,687] INFO     1[main] - br.com.hexacta.desafio.contabilone.client.socket.ClientIMDB.connect(ClientIMDB.java:48) - Buscando "bela" aguarde...
[2020-10-11 20:04:36,300] INFO     0[main] - br.com.hexacta.desafio.contabilone.client.socket.ClientIMDB.connect(ClientIMDB.java:48) - Buscando "bela" aguarde...
[2020-10-11 22:12:06,486] INFO     0[main] - br.com.hexacta.desafio.contabilone.client.socket.ClientIMDB.keySearchTitle(ClientIMDB.java:58) - Buscando "bela" aguarde...
[2020-10-11 23:04:07,580] INFO     0[main] - br.com.hexacta.desafio.contabilone.client.socket.ClientIMDB.keySearchTitle(ClientIMDB.java:52) - Buscando "bela" aguarde...
